bamboosnow/announcement/index
bamboosnow/products-personal/body-powder
bamboosnow/products-household/charcoal-starter
bamboosnow/products-soft-goods/climate-busting-vest
bamboosnow/products-organic/compost
bamboosnow/products-household/craft-powder
bamboosnow/products-household/dish-cleaning-powder
bamboosnow/economic/index
bamboosnow/announcement/good-news-bad-news
bamboosnow/economic/marketing-bamboo-snow
bamboosnow/products-household/mosquito-smoke
bamboosnow/economic/product-possibilities
bamboosnow/products/index
bamboosnow/economic/saipan-market-potentials
bamboosnow/products-household/screen-cleaner
bamboosnow/products-personal/shower-scrub
bamboosnow/products-soft-goods/sweat-band
bamboosnow/products-soft-goods/sweaty-palm
bamboosnow/products-industrial/sweeping-compound
bamboosnow/announcement/the-big-picture
bamboosnow/announcement/forum-intro
bamboosnow/products-soft-goods/travelers-mat-and-pillow
bamboosnow/announcement/two-years-with-bamboo-snow
bamboosnow/-/index
stjohnsjim/story/a-hurricane-is-brewin
stjohnsjim/pier-park-3gunas/a-week-of-false-starts
stjohnsjim/island-life-honolulu/aloha-oe-to-something
stjohnsjim/story/and-the-pursuit-of-happiness
stjohnsjim/story/angel-flakes
stjohnsjim/story/angels-and-creatures-of-the-night
stjohnsjim/california/anna-played-piana
stjohnsjim/story/apollos-virgin
stjohnsjim/almost-history/athos-porthos-aramis-and-dartagnon-at-the-james
stjohnsjim/backstory/index
stjohnsjim/story/basements-and-foundations-ya-think
stjohnsjim/winter/batten-down
stjohnsjim/pier-park/big-doins-at-the-hooker-derby
stjohnsjim/story/big-rocks-burgers-and-birds
stjohnsjim/roller-derby/bouncy-boom-gets-her-skates
stjohnsjim/story/boxing-day
stjohnsjim/story/calliope-contemplates-throntle-intimidates
stjohnsjim/st-johns/catchy-slogan-sunday
stjohnsjim/story/chaos
stjohnsjim/california/coala-harbor-cat
stjohnsjim/backstory/contact-machines-and-the-world-of-the-tarot
stjohnsjim/story/corporate-punishment-is-your-path-to-financial-security
stjohnsjim/story/cougars-dt-champions-and-more
stjohnsjim/story/dateline-st-johns-breaking-news
stjohnsjim/story/day-of-the-miser
stjohnsjim/almost-history/deadwood
stjohnsjim/tarot/death-xiii
stjohnsjim/story/dental-ben-gets-86ed
stjohnsjim/story/dentists-electrons-and-kings
stjohnsjim/story/dishwasher-to-the-prickly-tickly
stjohnsjim/backstory/dizzy-the-fools-dog
stjohnsjim/story/drizzly-november-grizzly-spinners-and-steinbeck
stjohnsjim/story/earth-and-sky
stjohnsjim/story/easter-psych
stjohnsjim/story/end-of-year-tax-woes
stjohnsjim/story/enkidu-and-dog-tits
stjohnsjim/story/ex-employee-spring-given-forcible-escort-out-of
stjohnsjim/story/excuse-my-re-use
stjohnsjim/story/first-contact-with-the-myco-mind
stjohnsjim/story/free-the-dbase-two
stjohnsjim/story/from-the-st-johns-infirmary-the-bouncer
stjohnsjim/story/fugue-state
stjohnsjim/story/gard-rales-here
stjohnsjim/story/give-him-what-he-needs
stjohnsjim/story/godda-love-an-old-dog
stjohnsjim/story/grand-feng-shui-station
stjohnsjim/-/index
stjohnsjim/story/guru-city
stjohnsjim/story/halloween-2011-early-evening
stjohnsjim/story/halloween-2011-midnight-frights
stjohnsjim/story/heard-on-the-street
stjohnsjim/story/herding-elephants-with-spider-cowboys
stjohnsjim/story/in-nature-all-colors-go-together
stjohnsjim/story/incredible-advancement-in-human-culture
stjohnsjim/story/invoking-the-muse
stjohnsjim/story/islands-on-lombard-street
stjohnsjim/story/jim-reads-tarot
stjohnsjim/story/joes-small-claims-court-bar-and-grill
stjohnsjim/story/julian-assange-vs-happy-birthday
stjohnsjim/story/just-keep-repeating
stjohnsjim/story/kick-and-carrot
stjohnsjim/story/kings-of-pentacles
stjohnsjim/story/kiting-over-to-wikileaks-with-one-jaw-tied-behind
stjohnsjim/story/l-o-l-a-lola
stjohnsjim/story/leo-and-stations-healing
stjohnsjim/story/lonesome-al-and-the-space-door
stjohnsjim/tarot/maslow-and-celarien-tarot
stjohnsjim/story/messages-from-the-great-below
stjohnsjim/story/mind-boggling
stjohnsjim/story/mooning-the-squirrels
stjohnsjim/story/mothers-day-and-the-parade-of-the-johns
stjohnsjim/story/mt-farina-erupts-on-the-royal-wedding-dress
stjohnsjim/story/national-exhale-week
stjohnsjim/story/neither-forest-nor-trees-and-sigh-mentors
stjohnsjim/announcement/new-look
stjohnsjim/story/nobrow
stjohnsjim/story/normalcy
stjohnsjim/story/november-stretch
stjohnsjim/story/omg
stjohnsjim/story/of-gangs-and-angels
stjohnsjim/story/ongoing-investigation
stjohnsjim/story/pathy-has-the-best-gossip
stjohnsjim/story/pathy-warps-to-plant-speed
stjohnsjim/tarot/pentacles
stjohnsjim/story/planning-for-pixies
stjohnsjim/story/project-ying-yang-bang-bang
stjohnsjim/story/put-the-blood-of-the-lamb-in-your-throat
stjohnsjim/story/rainy-september-sunday
stjohnsjim/backstory/random-quotes
stjohnsjim/backstory/roger-dojer
stjohnsjim/story/roger-dojer-more-reliable-than-death
stjohnsjim/story/roger-dojers-obituary
stjohnsjim/story/saying-goodbye-to-air-with-writers-block
stjohnsjim/story/scene-3-nobrow-and-throntle
stjohnsjim/story/seasonsgreetingsfest-2010
stjohnsjim/story/seeking-fertile-ground
stjohnsjim/story/shanghai-squirrels-by-the-score
stjohnsjim/story/shanghai-squirrels-poisons-poses-and-the-pioneer
stjohnsjim/story/shanghai-tunnel-tales-part-1
stjohnsjim/story/simple-scientific-reality
stjohnsjim/story/skydiving-with-lord-ego
stjohnsjim/story/snow-rummys
stjohnsjim/story/solitude-spiders-and-cougars
stjohnsjim/story/sonofabitch-day
stjohnsjim/story/southwick-in-the-slammer
stjohnsjim/story/southwicks-deep-background-report-on-3-gunas-lp
stjohnsjim/story/southwicks-report-on-als-crotch-rocket
stjohnsjim/story/squirrel-tag
stjohnsjim/story/st-johns-infirmary
stjohnsjim/story/st-johns-tweets
stjohnsjim/story/st-john-and-the-diamonds
stjohnsjim/story/st-johns-gives-spring-the-pink-slip
stjohnsjim/story/st-johns-jim-and-the-st-johns-lighthouse
stjohnsjim/story/stan-and-valerie
stjohnsjim/story/stevens-story
stjohnsjim/story/streetwatch-2011-whores-on-wheels
stjohnsjim/almost-history/susannas-song
stjohnsjim/tarot/swords
stjohnsjim/story/tastes-aromas-and-earthquakes
stjohnsjim/story/thanksgiving
stjohnsjim/story/the-aloha-account
stjohnsjim/story/the-big-rock-candy-new-year
stjohnsjim/story/the-bully-proof-dance
stjohnsjim/story/the-catalyst-of-august
stjohnsjim/story/the-cougar-returns
stjohnsjim/story/the-cougars-secret-identity
stjohnsjim/story/the-daough-sisters-sustainable-cat-lips
stjohnsjim/pnw-winter/the-finish-line
stjohnsjim/story/the-fist-of-perhaps
stjohnsjim/tarot/the-fool
stjohnsjim/story/the-ghost-of-gbs-walks-st-johns
stjohnsjim/story/the-gift-of-who-are-you
stjohnsjim/st-johns-baltimore-wood/the-great-aerial-tram-station
stjohnsjim/almost-history/the-great-bank-robbery
stjohnsjim/story/the-great-harvest-moon-part-1
stjohnsjim/story/the-great-harvest-moon-part-2
stjohnsjim/story/the-great-harvest-moon-part-3-cleaning-up-the
stjohnsjim/pier-park-3gunas/index
stjohnsjim/tarot/the-king-of-pentacles
stjohnsjim/story/the-kung-fu-lions-roar
stjohnsjim/story/the-lovers
stjohnsjim/story/the-man-who-walked
stjohnsjim/story/the-mana-vampire-2
stjohnsjim/story/the-monk-in-the-kingdom-of-prosperity
stjohnsjim/story/the-mouse-and-the-elephant
stjohnsjim/almost-history/the-norse-psychologist-files-on-thor
stjohnsjim/story/the-seamsters-union
stjohnsjim/story/the-six-billion-dollar-chef
stjohnsjim/story/the-st-johns-excuse-my-reuse-warehouse
stjohnsjim/story/the-st-johns-lighthouse-in-the-bardo
stjohnsjim/story/the-toy-store-that-kills
stjohnsjim/prelegal-times/the-tropic-of-oregon
stjohnsjim/story/the-worst-of-plans-the-best-of-plans
stjohnsjim/story/they-leave-the-west-behind
stjohnsjim/draft/index
stjohnsjim/story/tommy-believes-in-magic
stjohnsjim/backstory/tommy-county-or
stjohnsjim/story/tommy-starts-a-bed-and-breakfast
stjohnsjim/pier-park-3gunas/tommy-gets-his-deal
stjohnsjim/story/tommys-web-catches-steven-and-bambi
stjohnsjim/story/tommy-or-recycles
stjohnsjim/story/too-young
stjohnsjim/story/truck-fight
stjohnsjim/story/ultimate-protection-of-the-geyser-shirt-of-bliss
stjohnsjim/story/valerie-flees-to-confusistan
stjohnsjim/story/valkyrie-sms
stjohnsjim/tarot/wands
cat domains/stjohnsjim/templates/stjohnsjimtemplate.coffee domains/stjohnsjim/templates/tarot/wands.coffee | coffee --stdio >../public-stjohnsjim/tarot/wands.html
